<?xml version="1.0" encoding="UTF-8"?>
<!-- Generated by org.testng.reporters.JUnitReportReporter -->
<testsuite hostname="DESKTOP-8CAR6C7" failures="0" tests="1" name="runners.TestRunner" time="18.324" errors="0" timestamp="2025-03-20T09:31:23 IST" skipped="0">
  <testcase classname="runners.TestRunner" name="runScenario" time="18.324"/>
  <system-out/>
</testsuite> <!-- runners.TestRunner -->
