<?xml version="1.0" encoding="UTF-8"?>
<!-- Generated by org.testng.reporters.JUnitReportReporter -->
<testsuite hostname="DESKTOP-8CAR6C7" failures="0" tests="1" name="runners.StatementRunner" time="23.599" errors="0" timestamp="2025-03-19T11:52:45 IST" skipped="0">
  <testcase classname="runners.StatementRunner" name="runScenario" time="23.599"/>
  <system-out/>
</testsuite> <!-- runners.StatementRunner -->
