<?xml version="1.0" encoding="UTF-8"?>
<!-- Generated by org.testng.reporters.JUnitReportReporter -->
<testsuite hostname="DESKTOP-8CAR6C7" failures="0" tests="1" name="runners.EmptyLoginRunner" time="5.759" errors="0" timestamp="2025-03-18T12:15:20 IST" skipped="0">
  <testcase classname="runners.EmptyLoginRunner" name="runScenario" time="5.759"/>
  <system-out/>
</testsuite> <!-- runners.EmptyLoginRunner -->
