<?xml version="1.0" encoding="UTF-8"?>
<!-- Generated by org.testng.reporters.JUnitReportReporter -->
<testsuite hostname="DESKTOP-8CAR6C7" failures="0" tests="1" name="runners.LoginRunner" time="10.346" errors="0" timestamp="2025-03-18T12:30:56 IST" skipped="0">
  <testcase classname="runners.LoginRunner" name="runScenario" time="10.346"/>
  <system-out/>
</testsuite> <!-- runners.LoginRunner -->
