<?xml version="1.0" encoding="UTF-8"?>
<!-- Generated by org.testng.reporters.JUnitReportReporter -->
<testsuite hostname="DESKTOP-8CAR6C7" failures="0" tests="1" name="runners.AccountSummaryItemsRunner" time="15.368" errors="0" timestamp="2025-03-18T12:13:19 IST" skipped="0">
  <testcase classname="runners.AccountSummaryItemsRunner" name="runScenario" time="15.368"/>
  <system-out/>
</testsuite> <!-- runners.AccountSummaryItemsRunner -->
