<?xml version="1.0" encoding="UTF-8"?>
<!-- Generated by org.testng.reporters.JUnitReportReporter -->
<testsuite hostname="DESKTOP-8CAR6C7" failures="0" tests="1" name="runners.InvalidLoginRunner" time="5.602" errors="0" timestamp="2025-03-18T12:30:29 IST" skipped="0">
  <testcase classname="runners.InvalidLoginRunner" name="runScenario" time="5.602"/>
  <system-out/>
</testsuite> <!-- runners.InvalidLoginRunner -->
