<?xml version="1.0" encoding="UTF-8"?>
<!-- Generated by org.testng.reporters.JUnitReportReporter -->
<testsuite hostname="DESKTOP-8CAR6C7" failures="0" tests="1" name="runners.PayBillWithoutAmountRunner" time="32.847" errors="0" timestamp="2025-03-18T14:56:51 IST" skipped="0">
  <testcase classname="runners.PayBillWithoutAmountRunner" name="runScenario" time="32.847"/>
  <system-out/>
</testsuite> <!-- runners.PayBillWithoutAmountRunner -->
