<?xml version="1.0" encoding="UTF-8"?>
<!-- Generated by org.testng.reporters.JUnitReportReporter -->
<testsuite hostname="DESKTOP-8CAR6C7" failures="0" tests="1" name="runners.SessionExpiryRunner" time="19.432" errors="0" timestamp="2025-03-18T12:35:10 IST" skipped="0">
  <testcase classname="runners.SessionExpiryRunner" name="runScenario" time="19.432"/>
  <system-out/>
</testsuite> <!-- runners.SessionExpiryRunner -->
