<?xml version="1.0" encoding="UTF-8"?>
<!-- Generated by org.testng.reporters.JUnitReportReporter -->
<testsuite hostname="DESKTOP-8CAR6C7" failures="0" tests="1" name="runners.LogoutRunner" time="20.102" errors="0" timestamp="2025-03-19T00:31:18 IST" skipped="0">
  <testcase classname="runners.LogoutRunner" name="runScenario" time="20.102"/>
  <system-out/>
</testsuite> <!-- runners.LogoutRunner -->
