<?xml version="1.0" encoding="UTF-8"?>
<!-- Generated by org.testng.reporters.JUnitReportReporter -->
<testsuite hostname="DESKTOP-8CAR6C7" failures="0" tests="1" name="runners.WithoutPayeeRunner" time="18.957" errors="0" timestamp="2025-03-18T13:56:08 IST" skipped="0">
  <testcase classname="runners.WithoutPayeeRunner" name="runScenario" time="18.957"/>
  <system-out/>
</testsuite> <!-- runners.WithoutPayeeRunner -->
