<?xml version="1.0" encoding="UTF-8"?>
<!-- Generated by org.testng.reporters.JUnitReportReporter -->
<testsuite hostname="DESKTOP-8CAR6C7" failures="0" tests="1" name="runners.LoginRunner" time="17.623" errors="0" timestamp="2025-03-19T12:34:33 IST" skipped="0">
  <testcase classname="runners.LoginRunner" name="runScenario" time="17.623"/>
  <system-out/>
</testsuite> <!-- runners.LoginRunner -->
