<?xml version="1.0" encoding="UTF-8"?>
<!-- Generated by org.testng.reporters.JUnitReportReporter -->
<testsuite hostname="DESKTOP-8CAR6C7" failures="0" tests="1" name="runners.AddNewPayeeRunner" time="16.809" errors="0" timestamp="2025-03-18T12:14:27 IST" skipped="0">
  <testcase classname="runners.AddNewPayeeRunner" name="runScenario" time="16.809"/>
  <system-out/>
</testsuite> <!-- runners.AddNewPayeeRunner -->
