<?xml version="1.0" encoding="UTF-8"?>
<!-- Generated by org.testng.reporters.JUnitReportReporter -->
<testsuite hostname="DESKTOP-8CAR6C7" failures="0" tests="1" name="runners.PayBillRunner" time="20.437" errors="0" timestamp="2025-03-18T13:58:36 IST" skipped="0">
  <testcase classname="runners.PayBillRunner" name="runScenario" time="20.437"/>
  <system-out/>
</testsuite> <!-- runners.PayBillRunner -->
